Loading model...
Traceback (most recent call last):
  File "<string>", line 1, in <module>
  File "C:\Users\Nikita\OneDrive\Attachments\Desktop\Sign_Bridge_final\SignBridge1\python_service\test_hang.py", line 8, in <module>
    model = model_from_json(f.read())
  File "C:\Users\Nikita\OneDrive\Attachments\Desktop\Sign_Bridge_final\SignBridge1\python_service\venv\lib\site-packages\keras\saving\model_config.py", line 109, in model_from_json
    return deserialize_from_json(json_string, custom_objects=custom_objects)
  File "C:\Users\Nikita\OneDrive\Attachments\Desktop\Sign_Bridge_final\SignBridge1\python_service\venv\lib\site-packages\keras\layers\serialization.py", line 272, in deserialize_from_json
    return deserialize(config, custom_objects)
  File "C:\Users\Nikita\OneDrive\Attachments\Desktop\Sign_Bridge_final\SignBridge1\python_service\venv\lib\site-packages\keras\layers\serialization.py", line 249, in deserialize
    return generic_utils.deserialize_keras_object(
  File "C:\Users\Nikita\OneDrive\Attachments\Desktop\Sign_Bridge_final\SignBridge1\python_service\venv\lib\site-packages\keras\utils\generic_utils.py", line 734, in deserialize_keras_object
    deserialized_obj = cls.from_config(
  File "C:\Users\Nikita\OneDrive\Attachments\Desktop\Sign_Bridge_final\SignBridge1\python_service\venv\lib\site-packages\keras\engine\sequential.py", line 472, in from_config
    layer = layer_module.deserialize(
  File "C:\Users\Nikita\OneDrive\Attachments\Desktop\Sign_Bridge_final\SignBridge1\python_service\venv\lib\site-packages\keras\layers\serialization.py", line 249, in deserialize
    return generic_utils.deserialize_keras_object(
  File "C:\Users\Nikita\OneDrive\Attachments\Desktop\Sign_Bridge_final\SignBridge1\python_service\venv\lib\site-packages\keras\utils\generic_utils.py", line 744, in deserialize_keras_object
    deserialized_obj = cls.from_config(cls_config)
  File "C:\Users\Nikita\OneDrive\Attachments\Desktop\Sign_Bridge_final\SignBridge1\python_service\venv\lib\site-packages\keras\engine\base_layer.py", line 828, in from_config
    return cls(**config)
  File "C:\Users\Nikita\OneDrive\Attachments\Desktop\Sign_Bridge_final\SignBridge1\python_service\venv\lib\site-packages\keras\utils\traceback_utils.py", line 70, in error_handler
    raise e.with_traceback(filtered_tb) from None
  File "C:\Users\Nikita\OneDrive\Attachments\Desktop\Sign_Bridge_final\SignBridge1\python_service\venv\lib\site-packages\keras\engine\input_layer.py", line 152, in __init__
    raise ValueError(
ValueError: Unrecognized keyword arguments: ['batch_shape', 'optional']
