Loading model...
Traceback (most recent call last):
  File "<string>", line 1, in <module>
  File "C:\Users\Nikita\OneDrive\Attachments\Desktop\Sign_Bridge_final\SignBridge1\python_service\test_hang.py", line 8, in <module>
    model = model_from_json(f.read())
  File "C:\Users\Nikita\OneDrive\Attachments\Desktop\Sign_Bridge_final\SignBridge1\python_service\venv\lib\site-packages\keras\saving\model_config.py", line 109, in model_from_json
    return deserialize_from_json(json_string, custom_objects=custom_objects)
  File "C:\Users\Nikita\OneDrive\Attachments\Desktop\Sign_Bridge_final\SignBridge1\python_service\venv\lib\site-packages\keras\layers\serialization.py", line 272, in deserialize_from_json
    return deserialize(config, custom_objects)
  File "C:\Users\Nikita\OneDrive\Attachments\Desktop\Sign_Bridge_final\SignBridge1\python_service\venv\lib\site-packages\keras\layers\serialization.py", line 249, in deserialize
    return generic_utils.deserialize_keras_object(
  File "C:\Users\Nikita\OneDrive\Attachments\Desktop\Sign_Bridge_final\SignBridge1\python_service\venv\lib\site-packages\keras\utils\generic_utils.py", line 734, in deserialize_keras_object
    deserialized_obj = cls.from_config(
  File "C:\Users\Nikita\OneDrive\Attachments\Desktop\Sign_Bridge_final\SignBridge1\python_service\venv\lib\site-packages\keras\engine\sequential.py", line 472, in from_config
    layer = layer_module.deserialize(
  File "C:\Users\Nikita\OneDrive\Attachments\Desktop\Sign_Bridge_final\SignBridge1\python_service\venv\lib\site-packages\keras\layers\serialization.py", line 249, in deserialize
    return generic_utils.deserialize_keras_object(
  File "C:\Users\Nikita\OneDrive\Attachments\Desktop\Sign_Bridge_final\SignBridge1\python_service\venv\lib\site-packages\keras\utils\generic_utils.py", line 744, in deserialize_keras_object
    deserialized_obj = cls.from_config(cls_config)
  File "C:\Users\Nikita\OneDrive\Attachments\Desktop\Sign_Bridge_final\SignBridge1\python_service\venv\lib\site-packages\keras\layers\rnn\lstm.py", line 893, in from_config
    return cls(**config)
  File "C:\Users\Nikita\OneDrive\Attachments\Desktop\Sign_Bridge_final\SignBridge1\python_service\venv\lib\site-packages\keras\layers\rnn\lstm.py", line 539, in __init__
    cell = LSTMCell(
  File "C:\Users\Nikita\OneDrive\Attachments\Desktop\Sign_Bridge_final\SignBridge1\python_service\venv\lib\site-packages\keras\layers\rnn\lstm.py", line 156, in __init__
    super().__init__(**kwargs)
  File "C:\Users\Nikita\OneDrive\Attachments\Desktop\Sign_Bridge_final\SignBridge1\python_service\venv\lib\site-packages\keras\layers\rnn\dropout_rnn_cell_mixin.py", line 43, in __init__
    super().__init__(*args, **kwargs)
  File "C:\Users\Nikita\OneDrive\Attachments\Desktop\Sign_Bridge_final\SignBridge1\python_service\venv\lib\site-packages\tensorflow\python\trackable\base.py", line 205, in _method_wrapper
    result = method(self, *args, **kwargs)
  File "C:\Users\Nikita\OneDrive\Attachments\Desktop\Sign_Bridge_final\SignBridge1\python_service\venv\lib\site-packages\keras\engine\base_layer.py", line 3640, in __init__
    super().__init__(**kwargs)
  File "C:\Users\Nikita\OneDrive\Attachments\Desktop\Sign_Bridge_final\SignBridge1\python_service\venv\lib\site-packages\tensorflow\python\trackable\base.py", line 205, in _method_wrapper
    result = method(self, *args, **kwargs)
  File "C:\Users\Nikita\OneDrive\Attachments\Desktop\Sign_Bridge_final\SignBridge1\python_service\venv\lib\site-packages\keras\engine\base_layer.py", line 402, in __init__
    self._set_dtype_policy(dtype)
  File "C:\Users\Nikita\OneDrive\Attachments\Desktop\Sign_Bridge_final\SignBridge1\python_service\venv\lib\site-packages\keras\engine\base_layer.py", line 2606, in _set_dtype_policy
    self._dtype_policy = policy.deserialize(dtype)
  File "C:\Users\Nikita\OneDrive\Attachments\Desktop\Sign_Bridge_final\SignBridge1\python_service\venv\lib\site-packages\keras\mixed_precision\policy.py", line 515, in deserialize
    return generic_utils.deserialize_keras_object(
  File "C:\Users\Nikita\OneDrive\Attachments\Desktop\Sign_Bridge_final\SignBridge1\python_service\venv\lib\site-packages\keras\utils\generic_utils.py", line 718, in deserialize_keras_object
    (cls, cls_config) = class_and_config_for_serialized_keras_object(
  File "C:\Users\Nikita\OneDrive\Attachments\Desktop\Sign_Bridge_final\SignBridge1\python_service\venv\lib\site-packages\keras\utils\generic_utils.py", line 605, in class_and_config_for_serialized_keras_object
    raise ValueError(
ValueError: Unknown dtype policy: DTypePolicy. Please ensure this object is passed to the `custom_objects` argument. See https://www.tensorflow.org/guide/keras/save_and_serialize#registering_the_custom_object for details.
